<?xml version="1.0" encoding="UTF-8"?>
<!-- Generated by org.testng.reporters.JUnitXMLReporter -->
<testsuite hostname="DESKTOP-1V3MTMU" ignored="0" name="Regression suite" tests="12" failures="0" timestamp="18 Nov 2019 17:59:39 GMT" time="0.084" errors="0">
  <testcase name="div" time="0.016" classname="com.qa.test.DemoTest"/>
  <testcase name="mul" time="0.0" classname="com.qa.test.DemoTest"/>
  <testcase name="sub" time="0.004" classname="com.qa.test.DemoTest"/>
  <testcase name="sum" time="0.004" classname="com.qa.test.DemoTest"/>
  <testcase name="div" time="0.0" classname="com.qa.test.DemoTest2"/>
  <testcase name="mul" time="0.004" classname="com.qa.test.DemoTest2"/>
  <testcase name="sub" time="0.0" classname="com.qa.test.DemoTest2"/>
  <testcase name="sum" time="0.0" classname="com.qa.test.DemoTest2"/>
  <testcase name="div" time="0.0" classname="com.qa.test.DemoTest3"/>
  <testcase name="mul" time="0.0" classname="com.qa.test.DemoTest3"/>
  <testcase name="sub" time="0.0" classname="com.qa.test.DemoTest3"/>
  <testcase name="sum" time="0.0" classname="com.qa.test.DemoTest3"/>
</testsuite> <!-- Regression suite -->
